* Starting client
* Connecting to master process on port 11573
* Analyzing classpath: 
  - C:/Users/Thiago/Documents/Calculadora/Calculadora-de-Tributos-PJ/ActionBarSherlock-Library/target/classes
  - C:\Users\Thiago\android-sdks\platforms\android-14\data\res
  - C:\Users\Thiago\android-sdks\tools\support\annotations.jar
  - C:\Program Files\Java\jdk1.8.0_181\jre\lib\charsets.jar
  - C:\Program Files\Java\jdk1.8.0_181\jre\lib\deploy.jar
  - C:\Program Files\Java\jdk1.8.0_181\jre\lib\ext\access-bridge-64.jar
  - C:\Program Files\Java\jdk1.8.0_181\jre\lib\ext\cldrdata.jar
  - C:\Program Files\Java\jdk1.8.0_181\jre\lib\ext\dnsns.jar
  - C:\Program Files\Java\jdk1.8.0_181\jre\lib\ext\jaccess.jar
  - C:\Program Files\Java\jdk1.8.0_181\jre\lib\ext\jfxrt.jar
  - C:\Program Files\Java\jdk1.8.0_181\jre\lib\ext\localedata.jar
  - C:\Program Files\Java\jdk1.8.0_181\jre\lib\ext\nashorn.jar
  - C:\Program Files\Java\jdk1.8.0_181\jre\lib\ext\sunec.jar
  - C:\Program Files\Java\jdk1.8.0_181\jre\lib\ext\sunjce_provider.jar
  - C:\Program Files\Java\jdk1.8.0_181\jre\lib\ext\sunmscapi.jar
  - C:\Program Files\Java\jdk1.8.0_181\jre\lib\ext\sunpkcs11.jar
  - C:\Program Files\Java\jdk1.8.0_181\jre\lib\ext\zipfs.jar
  - C:\Program Files\Java\jdk1.8.0_181\jre\lib\javaws.jar
  - C:\Program Files\Java\jdk1.8.0_181\jre\lib\jce.jar
  - C:\Program Files\Java\jdk1.8.0_181\jre\lib\jfr.jar
  - C:\Program Files\Java\jdk1.8.0_181\jre\lib\jfxswt.jar
  - C:\Program Files\Java\jdk1.8.0_181\jre\lib\jsse.jar
  - C:\Program Files\Java\jdk1.8.0_181\jre\lib\management-agent.jar
  - C:\Program Files\Java\jdk1.8.0_181\jre\lib\plugin.jar
  - C:\Program Files\Java\jdk1.8.0_181\jre\lib\resources.jar
  - C:\Program Files\Java\jdk1.8.0_181\jre\lib\rt.jar
  - C:\Users\Thiago\Documents\Calculadora\Calculadora-de-Tributos-PJ\ActionBarSherlock-Library\target\test-classes
  - C:\Users\Thiago\Documents\Calculadora\Calculadora-de-Tributos-PJ\ActionBarSherlock-Library\target\classes
  - C:\Users\Thiago\.m2\repository\com\google\android\android\4.0.1.2\android-4.0.1.2.jar
  - C:\Users\Thiago\.m2\repository\commons-logging\commons-logging\1.1.1\commons-logging-1.1.1.jar
  - C:\Users\Thiago\.m2\repository\org\apache\httpcomponents\httpclient\4.0.1\httpclient-4.0.1.jar
  - C:\Users\Thiago\.m2\repository\org\apache\httpcomponents\httpcore\4.0.1\httpcore-4.0.1.jar
  - C:\Users\Thiago\.m2\repository\org\khronos\opengl-api\gl1.1-android-2.1_r1\opengl-api-gl1.1-android-2.1_r1.jar
  - C:\Users\Thiago\.m2\repository\xerces\xmlParserAPIs\2.6.2\xmlParserAPIs-2.6.2.jar
  - C:\Users\Thiago\.m2\repository\xpp3\xpp3\1.1.4c\xpp3-1.1.4c.jar
  - C:\Users\Thiago\.m2\repository\org\json\json\20080701\json-20080701.jar
  - C:\Users\Thiago\.m2\repository\com\google\android\support-v4\r7\support-v4-r7.jar
  - C:\Users\Thiago\.m2\repository\com\pivotallabs\robolectric\1.1\robolectric-1.1.jar
  - C:\Users\Thiago\.m2\repository\org\objenesis\objenesis\1.0\objenesis-1.0.jar
  - C:\Users\Thiago\.m2\repository\org\xerial\sqlite-jdbc\3.7.2\sqlite-jdbc-3.7.2.jar
  - C:\Users\Thiago\.m2\repository\org\javassist\javassist\3.14.0-GA\javassist-3.14.0-GA.jar
  - C:\Users\Thiago\.m2\repository\commons-codec\commons-codec\1.3\commons-codec-1.3.jar
  - C:\Users\Thiago\.m2\repository\junit\junit\4.10\junit-4.10.jar
  - C:\Users\Thiago\.m2\repository\org\hamcrest\hamcrest-core\1.1\hamcrest-core-1.1.jar
* Finished analyzing classpath
* Generating tests for class com.actionbarsherlock.app.ActionBar
* Test criteria:
  - Line Coverage
  - Branch Coverage
  - Exception
  - Mutation testing (weak)
  - Method-Output Coverage
  - Top-Level Method Coverage
  - No-Exception Top-Level Method Coverage
  - Context Branch Coverage
* Setting up search algorithm for whole suite generation
[MASTER] 20:50:57.992 [pool-2-thread-1] WARN  TestSuiteSerialization - Cannot load tests because file does not exist: C:\Users\Thiago\Documents\Calculadora\Calculadora-de-Tributos-PJ\ActionBarSherlock-Library\.evosuite\evosuite-seeds\com.actionbarsherlock.app.ActionBar.seed
* Loaded 0 tests from C:\Users\Thiago\Documents\Calculadora\Calculadora-de-Tributos-PJ\ActionBarSherlock-Library\.evosuite\evosuite-seeds\com.actionbarsherlock.app.ActionBar.seed
* Total number of test goals: 
  - Line 26
  - Branch 12
  - Exception 0
  - MutationFactory 46
  - Output 38
  - Method 79
  - MethodNoException 79
  - CBranchFitnessFactory 12
* Using seed 1541458252397
* Starting evolution
[MASTER] 20:50:58.570 [pool-2-thread-1] WARN  TimeController - Phase INITIALIZATION lasted too long, 1 seconds more than allowed.
[MASTER] 20:51:20.625 [pool-2-thread-1] WARN  TestChromosome - Functional mock problem: org.evosuite.ga.ConstructionFailedException: Have no generator for class android.preference.PreferenceScreen canUseFunctionalMocks=false, canBeMocked: true
[MASTER] 20:51:21.484 [pool-2-thread-1] WARN  TestChromosome - Functional mock problem: org.evosuite.ga.ConstructionFailedException: Failed to add constructor for android.graphics.drawable.NinePatchDrawable due to org.evosuite.ga.ConstructionFailedException: Failed to add constructor for android.graphics.NinePatch due to org.evosuite.ga.ConstructionFailedException: Failed to add constructor for android.view.TextureView due to org.evosuite.ga.ConstructionFailedException: Failed to add constructor for com.xtremelabs.robolectric.tester.android.util.TestAttributeSet due to org.evosuite.ga.ConstructionFailedException: Max recursion depth reached
[MASTER] 20:51:21.999 [pool-2-thread-1] WARN  TestChromosome - Functional mock problem: org.evosuite.ga.ConstructionFailedException: Failed to add constructor for android.graphics.drawable.LayerDrawable due to org.evosuite.ga.ConstructionFailedException: Failed to add constructor for android.graphics.drawable.PictureDrawable due to org.evosuite.ga.ConstructionFailedException: Have no generator for class android.graphics.drawable.PictureDrawable canUseFunctionalMocks=false, canBeMocked: true
[MASTER] 20:51:22.265 [pool-2-thread-1] WARN  TestChromosome - Functional mock problem: org.evosuite.ga.ConstructionFailedException: Have no generator for class com.xtremelabs.robolectric.res.RobolectricPackageManager canUseFunctionalMocks=false, canBeMocked: true
[MASTER] 20:51:22.374 [pool-2-thread-1] WARN  TestChromosome - Functional mock problem: org.evosuite.ga.ConstructionFailedException: Failed to add constructor for android.graphics.drawable.BitmapDrawable due to org.evosuite.ga.ConstructionFailedException: Failed to add constructor for java.io.BufferedInputStream due to org.evosuite.ga.ConstructionFailedException: Failed to add constructor for java.io.BufferedInputStream due to org.evosuite.ga.ConstructionFailedException: Failed to add constructor for java.io.PushbackInputStream due to org.evosuite.ga.ConstructionFailedException: Failed to add constructor for java.io.PipedInputStream due to org.evosuite.ga.ConstructionFailedException: Max recursion depth reached
[MASTER] 20:51:23.280 [pool-2-thread-1] WARN  TestChromosome - Functional mock problem: org.evosuite.ga.ConstructionFailedException: Failed to add constructor for android.graphics.drawable.LayerDrawable due to org.evosuite.ga.ConstructionFailedException: Failed to add constructor for android.content.ClipData$Item due to org.evosuite.ga.ConstructionFailedException: Failed to add constructor for android.content.res.Resources due to org.evosuite.ga.ConstructionFailedException: Max recursion depth reached
[MASTER] 20:51:23.296 [pool-2-thread-1] WARN  TestChromosome - Functional mock problem: org.evosuite.ga.ConstructionFailedException: Failed to add constructor for android.graphics.drawable.TransitionDrawable due to org.evosuite.ga.ConstructionFailedException: Failed to add constructor for android.graphics.drawable.BitmapDrawable due to org.evosuite.ga.ConstructionFailedException: Have no generator for class com.xtremelabs.robolectric.res.RobolectricPackageManager canUseFunctionalMocks=false, canBeMocked: true
[MASTER] 20:51:23.499 [pool-2-thread-1] WARN  TestChromosome - Functional mock problem: org.evosuite.ga.ConstructionFailedException: Failed to add constructor for android.graphics.drawable.PictureDrawable due to org.evosuite.ga.ConstructionFailedException: Have no generator for class android.graphics.drawable.PictureDrawable canUseFunctionalMocks=false, canBeMocked: true
[MASTER] 20:51:24.405 [pool-2-thread-1] WARN  TestChromosome - Functional mock problem: org.evosuite.ga.ConstructionFailedException: Failed to add constructor for com.xtremelabs.robolectric.res.RobolectricPackageManager due to org.evosuite.ga.ConstructionFailedException: Failed to add constructor for com.xtremelabs.robolectric.RobolectricConfig due to org.evosuite.ga.ConstructionFailedException: Failed to add constructor for org.evosuite.runtime.mock.java.io.MockFile due to org.evosuite.ga.ConstructionFailedException: Failed to add constructor for org.evosuite.runtime.mock.java.io.MockFile due to org.evosuite.ga.ConstructionFailedException: Max recursion depth reached
[MASTER] 20:51:24.499 [pool-2-thread-1] WARN  TestChromosome - Functional mock problem: org.evosuite.ga.ConstructionFailedException: Failed to add constructor for android.preference.EditTextPreference due to org.evosuite.ga.ConstructionFailedException: Failed to add constructor for android.preference.EditTextPreference due to org.evosuite.ga.ConstructionFailedException: Failed to add constructor for com.xtremelabs.robolectric.tester.android.util.TestAttributeSet due to org.evosuite.ga.ConstructionFailedException: Max recursion depth reached
[MASTER] 20:51:24.561 [pool-2-thread-1] WARN  TestChromosome - Functional mock problem: org.evosuite.ga.ConstructionFailedException: Failed to add constructor for android.graphics.drawable.BitmapDrawable due to org.evosuite.ga.ConstructionFailedException: Have no generator for class android.app.DialogFragment canUseFunctionalMocks=false, canBeMocked: true
[MASTER] 20:51:25.452 [pool-2-thread-1] WARN  TestChromosome - Functional mock problem: org.evosuite.ga.ConstructionFailedException: Failed to add constructor for android.graphics.drawable.ScaleDrawable due to org.evosuite.ga.ConstructionFailedException: Failed to add constructor for com.xtremelabs.robolectric.res.RobolectricPackageManager due to org.evosuite.ga.ConstructionFailedException: Failed to add constructor for com.xtremelabs.robolectric.RobolectricConfig due to org.evosuite.ga.ConstructionFailedException: Failed to add constructor for org.evosuite.runtime.mock.java.io.MockFile due to org.evosuite.ga.ConstructionFailedException: Max recursion depth reached
[MASTER] 20:51:25.686 [pool-2-thread-1] WARN  TestChromosome - Functional mock problem: org.evosuite.ga.ConstructionFailedException: Failed to add constructor for android.app.DatePickerDialog due to org.evosuite.ga.ConstructionFailedException: Failed to add constructor for android.os.Bundle due to org.evosuite.ga.ConstructionFailedException: Max recursion depth reached
[MASTER] 20:51:27.951 [pool-2-thread-1] WARN  TestChromosome - Functional mock problem: org.evosuite.ga.ConstructionFailedException: Failed to add constructor for android.graphics.drawable.ScaleDrawable due to org.evosuite.ga.ConstructionFailedException: Failed to add constructor for android.graphics.drawable.BitmapDrawable due to org.evosuite.ga.ConstructionFailedException: Failed to add constructor for java.io.BufferedInputStream due to org.evosuite.ga.ConstructionFailedException: Failed to add constructor for java.io.PushbackInputStream due to org.evosuite.ga.ConstructionFailedException: Failed to add constructor for java.io.PipedInputStream due to org.evosuite.ga.ConstructionFailedException: Max recursion depth reached
[MASTER] 20:51:28.061 [pool-2-thread-1] WARN  TestChromosome - Functional mock problem: org.evosuite.ga.ConstructionFailedException: Failed to add constructor for android.graphics.drawable.InsetDrawable due to org.evosuite.ga.ConstructionFailedException: Failed to add constructor for com.xtremelabs.robolectric.res.RobolectricPackageManager due to org.evosuite.ga.ConstructionFailedException: Failed to add constructor for com.xtremelabs.robolectric.RobolectricConfig due to org.evosuite.ga.ConstructionFailedException: Max recursion depth reached
[MASTER] 20:51:28.170 [pool-2-thread-1] WARN  TestChromosome - Functional mock problem: org.evosuite.ga.ConstructionFailedException: Failed to add constructor for android.graphics.drawable.ScaleDrawable due to org.evosuite.ga.ConstructionFailedException: Failed to add constructor for com.xtremelabs.robolectric.res.RobolectricPackageManager due to org.evosuite.ga.ConstructionFailedException: Failed to add constructor for com.xtremelabs.robolectric.RobolectricConfig due to org.evosuite.ga.ConstructionFailedException: Max recursion depth reached
[MASTER] 20:51:28.389 [pool-2-thread-1] WARN  TestChromosome - Functional mock problem: org.evosuite.ga.ConstructionFailedException: Failed to add constructor for android.graphics.drawable.BitmapDrawable due to org.evosuite.ga.ConstructionFailedException: Have no generator for class com.xtremelabs.robolectric.res.RobolectricPackageManager canUseFunctionalMocks=false, canBeMocked: true
[MASTER] 20:51:28.436 [pool-2-thread-1] WARN  TestChromosome - Functional mock problem: org.evosuite.ga.ConstructionFailedException: Failed to add constructor for android.graphics.drawable.LayerDrawable due to org.evosuite.ga.ConstructionFailedException: Failed to add constructor for com.xtremelabs.robolectric.res.RobolectricPackageManager due to org.evosuite.ga.ConstructionFailedException: Max recursion depth reached
[MASTER] 20:51:28.920 [pool-2-thread-1] WARN  TestChromosome - Functional mock problem: org.evosuite.ga.ConstructionFailedException: Failed to add constructor for android.database.CursorWrapper due to org.evosuite.ga.ConstructionFailedException: Failed to add constructor for android.database.MergeCursor due to org.evosuite.ga.ConstructionFailedException: Have no generator for class android.database.CursorWrapper canUseFunctionalMocks=false, canBeMocked: true
* Search finished after 31s and 32 generations, 1854 statements, best individual has fitness: 272.95238095238096
* Writing sequences to pool
* Minimizing test suite
* Going to analyze the coverage criteria
* Coverage analysis for criterion LINE
* Coverage of criterion LINE: 8%
* Total number of goals: 26
* Number of covered goals: 2
* Coverage analysis for criterion BRANCH
* Coverage of criterion BRANCH: 42%
* Total number of goals: 12
* Number of covered goals: 5
* Coverage analysis for criterion EXCEPTION
* Coverage of criterion EXCEPTION: 100% (no goals)
* Coverage analysis for criterion WEAKMUTATION
* Coverage of criterion WEAKMUTATION: 0%
* Total number of goals: 46
* Number of covered goals: 0
* Coverage analysis for criterion OUTPUT
* Coverage of criterion OUTPUT: 0%
* Total number of goals: 38
* Number of covered goals: 0
* Coverage analysis for criterion METHOD
* Coverage of criterion METHOD: 4%
* Total number of goals: 79
* Number of covered goals: 3
* Coverage analysis for criterion METHODNOEXCEPTION
* Coverage of criterion METHODNOEXCEPTION: 0%
* Total number of goals: 79
* Number of covered goals: 0
* Coverage analysis for criterion CBRANCH
* Coverage of criterion CBRANCH: 8%
* Total number of goals: 12
* Number of covered goals: 1
* Generated 4 tests with total length 7
* Resulting test suite's coverage: 20% (average coverage for all fitness functions)
* Generating assertions
* Resulting test suite's mutation score: 0%
* Compiling and checking tests
* Writing JUnit test case 'ActionBar_ESTest' to C:\Users\Thiago\Documents\Calculadora\Calculadora-de-Tributos-PJ\ActionBarSherlock-Library\.evosuite\tmp_2018_11_05_18_47_09\tests
* Done!

